[[2022-10-30 13:56:55]]  INFO  [init_service.py]  #22 <3251825:140675404826928>  ** Start! Total speaker num:151
[[2022-10-30 13:56:55]]  INFO  [init_service.py]  #22 <3251825:140670226327472>  ** Start! Total speaker num:151
[[2022-10-30 13:56:55]]  INFO  [init_service.py]  #22 <3251825:140670226327200>  ** Start! Total speaker num:151
[[2022-10-30 13:56:55]]  INFO  [init_service.py]  #22 <3251825:140670226327744>  ** Start! Total speaker num:151
[[2022-10-30 13:56:55]]  INFO  [init_service.py]  #22 <3251818:140675404826928>  ** Start! Total speaker num:151
[[2022-10-30 13:57:00]]  INFO  [general.py]  #64 <3251825:140670226327744>  # 95069802995
[[2022-10-30 13:57:00]]  INFO  [general.py]  #64 <3251825:140670226328016>  # 62286229317
[[2022-10-30 13:57:00]]  ERROR  [query.py]  #280 <3251825:140670226327744>  object of type 'NoneType' has no len()
[[2022-10-30 13:57:00]]  INFO  [db_utils.py]  #16 <3251825:140670226327744>  check_spkid use time: 0.011684894561767578s
[[2022-10-30 13:57:00]]  INFO  [general.py]  #64 <3251818:140670226421408>  # 45027316867
[[2022-10-30 13:57:00]]  ERROR  [query.py]  #280 <3251825:140670226328016>  object of type 'NoneType' has no len()
[[2022-10-30 13:57:00]]  INFO  [db_utils.py]  #16 <3251825:140670226328016>  check_spkid use time: 0.005536317825317383s
[[2022-10-30 13:57:00]]  ERROR  [query.py]  #280 <3251818:140670226421408>  object of type 'NoneType' has no len()
[[2022-10-30 13:57:00]]  INFO  [db_utils.py]  #16 <3251818:140670226421408>  check_spkid use time: 0.0031325817108154297s
[[2022-10-30 13:57:01]]  INFO  [db_utils.py]  #16 <3251818:140670226421408>  get_blackid use time: 0.0007388591766357422s
[[2022-10-30 13:57:01]]  INFO  [db_utils.py]  #16 <3251818:140670226421408>  to_log use time: 0.009596586227416992s
[[2022-10-30 13:57:01]]  INFO  [db_utils.py]  #16 <3251818:140670226421408>  add_hit use time: 0.01035451889038086s
[[2022-10-30 13:57:01]]  INFO  [db_utils.py]  #16 <3251818:140670226421408>  add_hit_count use time: 0.0003859996795654297s
[[2022-10-30 13:57:01]]  INFO  [general.py]  #64 <3251818:140670226421408>  # 56983347622
[[2022-10-30 13:57:01]]  ERROR  [query.py]  #280 <3251818:140670226421408>  object of type 'NoneType' has no len()
[[2022-10-30 13:57:01]]  INFO  [db_utils.py]  #16 <3251818:140670226421408>  check_spkid use time: 0.0012688636779785156s
[[2022-10-30 13:57:01]]  INFO  [db_utils.py]  #16 <3251825:140670226327744>  get_blackid use time: 0.0008575916290283203s
[[2022-10-30 13:57:01]]  INFO  [db_utils.py]  #16 <3251825:140670226328016>  get_blackid use time: 0.002995729446411133s
[[2022-10-30 13:57:01]]  INFO  [db_utils.py]  #16 <3251825:140670226327744>  to_log use time: 0.011128664016723633s
[[2022-10-30 13:57:01]]  INFO  [db_utils.py]  #16 <3251825:140670226328016>  to_log use time: 0.012432575225830078s
[[2022-10-30 13:57:01]]  INFO  [db_utils.py]  #16 <3251825:140670226327744>  add_hit use time: 0.013970613479614258s
[[2022-10-30 13:57:01]]  INFO  [db_utils.py]  #16 <3251825:140670226327744>  add_hit_count use time: 0.0009047985076904297s
[[2022-10-30 13:57:01]]  INFO  [db_utils.py]  #16 <3251825:140670226328016>  add_hit use time: 0.014893770217895508s
[[2022-10-30 13:57:01]]  INFO  [db_utils.py]  #16 <3251825:140670226328016>  add_hit_count use time: 0.0008037090301513672s
[[2022-10-30 13:57:01]]  INFO  [general.py]  #64 <3251825:140670226328016>  # 70182275543
[[2022-10-30 13:57:01]]  INFO  [general.py]  #64 <3251825:140670226327744>  # 11996740175
[[2022-10-30 13:57:01]]  ERROR  [query.py]  #280 <3251825:140670226328016>  object of type 'NoneType' has no len()
[[2022-10-30 13:57:01]]  INFO  [db_utils.py]  #16 <3251825:140670226328016>  check_spkid use time: 0.01326441764831543s
[[2022-10-30 13:57:01]]  ERROR  [query.py]  #280 <3251825:140670226327744>  object of type 'NoneType' has no len()
[[2022-10-30 13:57:01]]  INFO  [db_utils.py]  #16 <3251825:140670226327744>  check_spkid use time: 0.007111072540283203s
[[2022-10-30 13:57:01]]  INFO  [db_utils.py]  #16 <3251818:140670226421408>  get_blackid use time: 0.0008146762847900391s
[[2022-10-30 13:57:01]]  INFO  [db_utils.py]  #16 <3251818:140670226421408>  to_log use time: 0.010020017623901367s
[[2022-10-30 13:57:01]]  INFO  [db_utils.py]  #16 <3251818:140670226421408>  add_hit use time: 0.00838327407836914s
[[2022-10-30 13:57:01]]  INFO  [db_utils.py]  #16 <3251818:140670226421408>  add_hit_count use time: 0.0007929801940917969s
[[2022-10-30 13:57:01]]  INFO  [general.py]  #64 <3251818:140670226421408>  # 61891097047
[[2022-10-30 13:57:01]]  ERROR  [query.py]  #280 <3251818:140670226421408>  object of type 'NoneType' has no len()
[[2022-10-30 13:57:01]]  INFO  [db_utils.py]  #16 <3251818:140670226421408>  check_spkid use time: 0.00095367431640625s
[[2022-10-30 13:57:02]]  INFO  [db_utils.py]  #16 <3251818:140670226421408>  get_blackid use time: 0.0007631778717041016s
[[2022-10-30 13:57:02]]  INFO  [db_utils.py]  #16 <3251825:140670226328016>  get_blackid use time: 0.0007355213165283203s
[[2022-10-30 13:57:02]]  INFO  [db_utils.py]  #16 <3251818:140670226421408>  to_log use time: 0.008802175521850586s
[[2022-10-30 13:57:02]]  INFO  [db_utils.py]  #16 <3251818:140670226421408>  add_hit use time: 0.009785175323486328s
[[2022-10-30 13:57:02]]  INFO  [db_utils.py]  #16 <3251818:140670226421408>  add_hit_count use time: 0.0008299350738525391s
[[2022-10-30 13:57:02]]  INFO  [db_utils.py]  #16 <3251825:140670226328016>  to_log use time: 0.02603316307067871s
[[2022-10-30 13:57:02]]  INFO  [db_utils.py]  #16 <3251825:140670226327744>  get_blackid use time: 0.0006740093231201172s
[[2022-10-30 13:57:02]]  INFO  [general.py]  #64 <3251818:140670226421408>  # 89989348289
[[2022-10-30 13:57:02]]  INFO  [db_utils.py]  #16 <3251825:140670226328016>  add_hit use time: 0.011518239974975586s
[[2022-10-30 13:57:02]]  INFO  [db_utils.py]  #16 <3251825:140670226328016>  add_hit_count use time: 0.0005996227264404297s
[[2022-10-30 13:57:02]]  ERROR  [query.py]  #280 <3251818:140670226421408>  object of type 'NoneType' has no len()
[[2022-10-30 13:57:02]]  INFO  [db_utils.py]  #16 <3251818:140670226421408>  check_spkid use time: 0.0012094974517822266s
[[2022-10-30 13:57:02]]  INFO  [db_utils.py]  #16 <3251825:140670226327744>  to_log use time: 0.010710477828979492s
[[2022-10-30 13:57:02]]  INFO  [general.py]  #64 <3251825:140670226328016>  # 56939505763
[[2022-10-30 13:57:02]]  INFO  [db_utils.py]  #16 <3251825:140670226327744>  add_hit use time: 0.021160364151000977s
[[2022-10-30 13:57:02]]  ERROR  [query.py]  #280 <3251825:140670226328016>  object of type 'NoneType' has no len()
[[2022-10-30 13:57:02]]  INFO  [db_utils.py]  #16 <3251825:140670226328016>  check_spkid use time: 0.0015628337860107422s
[[2022-10-30 13:57:02]]  INFO  [db_utils.py]  #16 <3251825:140670226327744>  add_hit_count use time: 0.008026599884033203s
[[2022-10-30 13:57:02]]  INFO  [general.py]  #64 <3251825:140670226327744>  # 59208990505
[[2022-10-30 13:57:03]]  ERROR  [query.py]  #280 <3251825:140670226327744>  object of type 'NoneType' has no len()
[[2022-10-30 13:57:03]]  INFO  [db_utils.py]  #16 <3251825:140670226327744>  check_spkid use time: 0.6507248878479004s
[[2022-10-30 13:57:03]]  INFO  [db_utils.py]  #16 <3251818:140670226421408>  get_blackid use time: 0.0006248950958251953s
[[2022-10-30 13:57:03]]  INFO  [db_utils.py]  #16 <3251818:140670226421408>  to_log use time: 0.008510589599609375s
[[2022-10-30 13:57:03]]  INFO  [db_utils.py]  #16 <3251818:140670226421408>  add_hit use time: 0.008951187133789062s
[[2022-10-30 13:57:03]]  INFO  [db_utils.py]  #16 <3251818:140670226421408>  add_hit_count use time: 0.0008466243743896484s
[[2022-10-30 13:57:03]]  INFO  [general.py]  #64 <3251818:140670226421408>  # 83031785627
[[2022-10-30 13:57:03]]  ERROR  [query.py]  #280 <3251818:140670226421408>  object of type 'NoneType' has no len()
[[2022-10-30 13:57:03]]  INFO  [db_utils.py]  #16 <3251818:140670226421408>  check_spkid use time: 0.0015134811401367188s
[[2022-10-30 13:57:03]]  INFO  [db_utils.py]  #16 <3251825:140670226328016>  get_blackid use time: 0.0010423660278320312s
[[2022-10-30 13:57:03]]  INFO  [db_utils.py]  #16 <3251825:140670226328016>  to_log use time: 0.010183095932006836s
[[2022-10-30 13:57:03]]  INFO  [db_utils.py]  #16 <3251825:140670226328016>  add_hit use time: 0.008908510208129883s
[[2022-10-30 13:57:03]]  INFO  [db_utils.py]  #16 <3251825:140670226328016>  add_hit_count use time: 0.0017468929290771484s
[[2022-10-30 13:57:03]]  INFO  [general.py]  #64 <3251825:140670226328016>  # 27542992905
[[2022-10-30 13:57:03]]  ERROR  [query.py]  #280 <3251825:140670226328016>  object of type 'NoneType' has no len()
[[2022-10-30 13:57:03]]  INFO  [db_utils.py]  #16 <3251825:140670226328016>  check_spkid use time: 0.0012238025665283203s
[[2022-10-30 13:57:03]]  INFO  [db_utils.py]  #16 <3251825:140670226327744>  get_blackid use time: 0.00597834587097168s
[[2022-10-30 13:57:03]]  INFO  [db_utils.py]  #16 <3251825:140670226327744>  to_log use time: 0.007769346237182617s
[[2022-10-30 13:57:03]]  INFO  [db_utils.py]  #16 <3251825:140670226327744>  add_hit use time: 0.02902674674987793s
[[2022-10-30 13:57:03]]  INFO  [db_utils.py]  #16 <3251825:140670226327744>  add_hit_count use time: 0.0008137226104736328s
[[2022-10-30 13:57:03]]  INFO  [general.py]  #64 <3251818:140670226421680>  # 87799281872
[[2022-10-30 13:57:03]]  ERROR  [query.py]  #280 <3251818:140670226421680>  object of type 'NoneType' has no len()
[[2022-10-30 13:57:03]]  INFO  [db_utils.py]  #16 <3251818:140670226421680>  check_spkid use time: 0.06565356254577637s
[[2022-10-30 13:57:04]]  INFO  [db_utils.py]  #16 <3251818:140670226421408>  get_blackid use time: 0.0005812644958496094s
[[2022-10-30 13:57:04]]  INFO  [db_utils.py]  #16 <3251818:140670226421408>  to_log use time: 0.008270740509033203s
[[2022-10-30 13:57:04]]  INFO  [db_utils.py]  #16 <3251818:140670226421408>  add_hit use time: 0.01378774642944336s
[[2022-10-30 13:57:04]]  INFO  [db_utils.py]  #16 <3251818:140670226421408>  add_hit_count use time: 0.00043010711669921875s
[[2022-10-30 13:57:04]]  INFO  [db_utils.py]  #16 <3251825:140670226328016>  get_blackid use time: 0.0006673336029052734s
[[2022-10-30 13:57:04]]  INFO  [general.py]  #64 <3251825:140670226327744>  # 69428337519
[[2022-10-30 13:57:04]]  INFO  [db_utils.py]  #16 <3251825:140670226328016>  to_log use time: 0.01659560203552246s
[[2022-10-30 13:57:04]]  ERROR  [query.py]  #280 <3251825:140670226327744>  object of type 'NoneType' has no len()
[[2022-10-30 13:57:04]]  INFO  [db_utils.py]  #16 <3251825:140670226327744>  check_spkid use time: 0.0010612010955810547s
[[2022-10-30 13:57:04]]  INFO  [db_utils.py]  #16 <3251825:140670226328016>  add_hit use time: 0.021877288818359375s
[[2022-10-30 13:57:04]]  INFO  [db_utils.py]  #16 <3251825:140670226328016>  add_hit_count use time: 0.0005884170532226562s
[[2022-10-30 13:57:04]]  INFO  [general.py]  #64 <3251818:140670226421408>  # 55653755323
[[2022-10-30 13:57:04]]  ERROR  [query.py]  #280 <3251818:140670226421408>  object of type 'NoneType' has no len()
[[2022-10-30 13:57:04]]  INFO  [db_utils.py]  #16 <3251818:140670226421408>  check_spkid use time: 0.001470327377319336s
[[2022-10-30 13:57:04]]  INFO  [db_utils.py]  #16 <3251818:140670226421680>  get_blackid use time: 0.0006594657897949219s
[[2022-10-30 13:57:04]]  INFO  [db_utils.py]  #16 <3251818:140670226421680>  to_log use time: 0.015837430953979492s
[[2022-10-30 13:57:05]]  INFO  [db_utils.py]  #16 <3251818:140670226421680>  add_hit use time: 0.05748391151428223s
[[2022-10-30 13:57:05]]  INFO  [db_utils.py]  #16 <3251818:140670226421680>  add_hit_count use time: 0.0008351802825927734s
[[2022-10-30 13:57:05]]  INFO  [db_utils.py]  #16 <3251825:140670226327744>  get_blackid use time: 0.0006647109985351562s
[[2022-10-30 13:57:05]]  INFO  [db_utils.py]  #16 <3251825:140670226327744>  to_log use time: 0.009398221969604492s
[[2022-10-30 13:57:05]]  INFO  [db_utils.py]  #16 <3251825:140670226327744>  add_hit use time: 0.01075124740600586s
[[2022-10-30 13:57:05]]  INFO  [db_utils.py]  #16 <3251825:140670226327744>  add_hit_count use time: 0.0006861686706542969s
[[2022-10-30 13:57:05]]  INFO  [db_utils.py]  #16 <3251818:140670226421408>  get_blackid use time: 0.0006062984466552734s
[[2022-10-30 13:57:05]]  INFO  [db_utils.py]  #16 <3251818:140670226421408>  to_log use time: 0.007976770401000977s
[[2022-10-30 13:57:05]]  INFO  [db_utils.py]  #16 <3251818:140670226421408>  add_hit use time: 0.0075838565826416016s
[[2022-10-30 13:57:05]]  INFO  [db_utils.py]  #16 <3251818:140670226421408>  add_hit_count use time: 0.0009069442749023438s
